<?xml version="1.0" encoding="UTF-8"?>
<testng-results skipped="0" failed="0" total="1" passed="1">
  <reporter-output>
  </reporter-output>
  <suite name="Default suite" duration-ms="5412" started-at="2024-06-05T09:32:33Z" finished-at="2024-06-05T09:32:38Z">
    <groups>
    </groups>
    <test name="Default test" duration-ms="5412" started-at="2024-06-05T09:32:33Z" finished-at="2024-06-05T09:32:38Z">
      <class name="fileUpload.AutoItDemo1">
        <test-method status="PASS" signature="fileuploadtest()[pri:0, instance:fileUpload.AutoItDemo1@7c30a502]" name="fileuploadtest" duration-ms="5382" started-at="2024-06-05T15:02:33Z" finished-at="2024-06-05T15:02:38Z">
          <reporter-output>
          </reporter-output>
        </test-method> <!-- fileuploadtest -->
      </class> <!-- fileUpload.AutoItDemo1 -->
    </test> <!-- Default test -->
  </suite> <!-- Default suite -->
</testng-results>
