<?xml version="1.0" encoding="UTF-8"?>
<testng-results skipped="0" failed="0" total="1" passed="1">
  <reporter-output>
  </reporter-output>
  <suite name="Default suite" duration-ms="20492" started-at="2024-05-31T05:32:20Z" finished-at="2024-05-31T05:32:41Z">
    <groups>
    </groups>
    <test name="Default test" duration-ms="20492" started-at="2024-05-31T05:32:20Z" finished-at="2024-05-31T05:32:41Z">
      <class name="WebElementsDemo.WindowhandleDemo3">
        <test-method status="PASS" signature="Windowhandle3()[pri:0, instance:WebElementsDemo.WindowhandleDemo3@7c30a502]" name="Windowhandle3" duration-ms="20461" started-at="2024-05-31T11:02:20Z" finished-at="2024-05-31T11:02:41Z">
          <reporter-output>
          </reporter-output>
        </test-method> <!-- Windowhandle3 -->
      </class> <!-- WebElementsDemo.WindowhandleDemo3 -->
    </test> <!-- Default test -->
  </suite> <!-- Default suite -->
</testng-results>
