<?xml version="1.0" encoding="UTF-8"?>
<!-- Generated by org.testng.reporters.JUnitXMLReporter -->
<testsuite hostname="DESKTOP-K8UUFCH" name="testing" tests="8" failures="0" timestamp="19 May 2024 04:09:38 GMT" time="0.072" errors="0">
  <testcase name="funA" time="0.007" classname="TestngFramewokDemo.TestngGroupDemo1"/>
  <testcase name="funB" time="0.002" classname="TestngFramewokDemo.TestngGroupDemo1"/>
  <testcase name="funC" time="0.002" classname="TestngFramewokDemo.TestngGroupDemo1"/>
  <testcase name="funD" time="0.002" classname="TestngFramewokDemo.TestngGroupDemo1"/>
  <testcase name="funA" time="0.001" classname="TestngFramewokDemo.TestngAnnotationDemo1"/>
  <testcase name="funB" time="0.001" classname="TestngFramewokDemo.TestngAnnotationDemo1"/>
  <testcase name="funA" time="0.003" classname="TestngFramewokDemo.TestngAnnotationDemo2"/>
  <testcase name="funA" time="0.003" classname="TestngFramewokDemo.TestngAnnotationDemo3"/>
</testsuite> <!-- testing -->
